<?xml version="1.0" encoding="UTF-8" standalone="no"?>
<!DOCTYPE log SYSTEM "logger.dtd">
<log>
<record>
  <date>2022-08-16T20:57:31.692990900Z</date>
  <millis>1660683451692</millis>
  <nanos>990900</nanos>
  <sequence>3</sequence>
  <logger>com.sigur.component.EmployeesMgr</logger>
  <level>INFO</level>
  <class>com.sigur.component.EmployeesMgr</class>
  <method>hire</method>
  <thread>52</thread>
  <message>Sat Jan 01 00:00:00 MSK 2022. Employee 3126 hire Wed Aug 17 12:44:43 MSK 2022.Department: D_I</message>
</record>
<record>
  <date>2022-08-16T20:57:32.571465700Z</date>
  <millis>1660683452571</millis>
  <nanos>465700</nanos>
  <sequence>4</sequence>
  <logger>com.sigur.component.EmployeesMgr</logger>
  <level>INFO</level>
  <class>com.sigur.component.EmployeesMgr</class>
  <method>hire</method>
  <thread>52</thread>
  <message>Sun Jan 02 00:00:00 MSK 2022. Employee 3127 hire Wed Jun 08 16:38:53 MSK 2022.Department: D_B</message>
</record>
<record>
  <date>2022-08-16T20:57:33.580195300Z</date>
  <millis>1660683453580</millis>
  <nanos>195300</nanos>
  <sequence>5</sequence>
  <logger>com.sigur.component.EmployeesMgr</logger>
  <level>INFO</level>
  <class>com.sigur.component.EmployeesMgr</class>
  <method>hire</method>
  <thread>52</thread>
  <message>Mon Jan 03 00:00:00 MSK 2022. Employee 3128 hire Tue Aug 02 08:37:11 MSK 2022.Department: D_H</message>
</record>
<record>
  <date>2022-08-16T20:57:34.564481200Z</date>
  <millis>1660683454564</millis>
  <nanos>481200</nanos>
  <sequence>6</sequence>
  <logger>com.sigur.component.EmployeesMgr</logger>
  <level>INFO</level>
  <class>com.sigur.component.EmployeesMgr</class>
  <method>hire</method>
  <thread>52</thread>
  <message>Tue Jan 04 00:00:00 MSK 2022. Employee 3129 hire Wed Mar 23 07:21:24 MSK 2022.Department: D_I</message>
</record>
<record>
  <date>2022-08-16T20:57:35.572045300Z</date>
  <millis>1660683455572</millis>
  <nanos>45300</nanos>
  <sequence>8</sequence>
  <logger>com.sigur.component.EmployeesMgr</logger>
  <level>INFO</level>
  <class>com.sigur.component.EmployeesMgr</class>
  <method>hire</method>
  <thread>52</thread>
  <message>Wed Jan 05 00:00:00 MSK 2022. Employee 3131 hire Mon Sep 12 22:02:15 MSK 2022.Department: D_B</message>
</record>
<record>
  <date>2022-08-16T20:57:35.646044300Z</date>
  <millis>1660683455646</millis>
  <nanos>44300</nanos>
  <sequence>9</sequence>
  <logger>com.sigur.component.EmployeesMgr</logger>
  <level>INFO</level>
  <class>com.sigur.component.EmployeesMgr</class>
  <method>destroyMethod</method>
  <thread>52</thread>
  <message>Wed Jan 05 00:00:00 MSK 2022.Employee 1205 fired Mon Jan 03 14:22:13 MSK 2022. Department:D_I. Worked:w:6d:9h:48</message>
</record>
<record>
  <date>2022-08-16T20:57:36.574757300Z</date>
  <millis>1660683456574</millis>
  <nanos>757300</nanos>
  <sequence>10</sequence>
  <logger>com.sigur.component.EmployeesMgr</logger>
  <level>INFO</level>
  <class>com.sigur.component.EmployeesMgr</class>
  <method>hire</method>
  <thread>52</thread>
  <message>Thu Jan 06 00:00:00 MSK 2022. Employee 3132 hire Fri Jun 17 23:12:50 MSK 2022.Department: D_A</message>
</record>
<record>
  <date>2022-08-16T20:57:37.575487300Z</date>
  <millis>1660683457575</millis>
  <nanos>487300</nanos>
  <sequence>11</sequence>
  <logger>com.sigur.component.EmployeesMgr</logger>
  <level>INFO</level>
  <class>com.sigur.component.EmployeesMgr</class>
  <method>hire</method>
  <thread>52</thread>
  <message>Fri Jan 07 00:00:00 MSK 2022. Employee 3133 hire Sat Dec 03 17:12:11 MSK 2022.Department: D_C</message>
</record>
<record>
  <date>2022-08-16T20:57:38.564651100Z</date>
  <millis>1660683458564</millis>
  <nanos>651100</nanos>
  <sequence>13</sequence>
  <logger>com.sigur.component.EmployeesMgr</logger>
  <level>INFO</level>
  <class>com.sigur.component.EmployeesMgr</class>
  <method>hire</method>
  <thread>52</thread>
  <message>Sat Jan 08 00:00:00 MSK 2022. Employee 3135 hire Sat May 21 19:52:15 MSK 2022.Department: D_H</message>
</record>
<record>
  <date>2022-08-16T20:57:39.566199400Z</date>
  <millis>1660683459566</millis>
  <nanos>199400</nanos>
  <sequence>14</sequence>
  <logger>com.sigur.component.EmployeesMgr</logger>
  <level>INFO</level>
  <class>com.sigur.component.EmployeesMgr</class>
  <method>hire</method>
  <thread>52</thread>
  <message>Sun Jan 09 00:00:00 MSK 2022. Employee 3136 hire Wed Oct 26 08:43:26 MSK 2022.Department: D_H</message>
</record>
<record>
  <date>2022-08-16T20:57:40.565038Z</date>
  <millis>1660683460565</millis>
  <nanos>38000</nanos>
  <sequence>15</sequence>
  <logger>com.sigur.component.EmployeesMgr</logger>
  <level>INFO</level>
  <class>com.sigur.component.EmployeesMgr</class>
  <method>hire</method>
  <thread>52</thread>
  <message>Mon Jan 10 00:00:00 MSK 2022. Employee 3137 hire Sat Feb 05 15:00:21 MSK 2022.Department: D_E</message>
</record>
<record>
  <date>2022-08-16T20:57:40.618050500Z</date>
  <millis>1660683460618</millis>
  <nanos>50500</nanos>
  <sequence>16</sequence>
  <logger>com.sigur.component.EmployeesMgr</logger>
  <level>INFO</level>
  <class>com.sigur.component.EmployeesMgr</class>
  <method>destroyMethod</method>
  <thread>52</thread>
  <message>Mon Jan 10 00:00:00 MSK 2022.Employee 2087 fired Sat Jan 01 13:23:15 MSK 2022. Department:D_I. Worked:w:9d:3h:0</message>
</record>
<record>
  <date>2022-08-16T20:57:41.564025700Z</date>
  <millis>1660683461564</millis>
  <nanos>25700</nanos>
  <sequence>18</sequence>
  <logger>com.sigur.component.EmployeesMgr</logger>
  <level>INFO</level>
  <class>com.sigur.component.EmployeesMgr</class>
  <method>hire</method>
  <thread>52</thread>
  <message>Tue Jan 11 00:00:00 MSK 2022. Employee 3139 hire Sat Sep 10 00:21:06 MSK 2022.Department: D_G</message>
</record>
<record>
  <date>2022-08-16T20:57:42.577376800Z</date>
  <millis>1660683462577</millis>
  <nanos>376800</nanos>
  <sequence>19</sequence>
  <logger>com.sigur.component.EmployeesMgr</logger>
  <level>INFO</level>
  <class>com.sigur.component.EmployeesMgr</class>
  <method>hire</method>
  <thread>52</thread>
  <message>Wed Jan 12 00:00:00 MSK 2022. Employee 3140 hire Mon Oct 10 19:40:40 MSK 2022.Department: D_E</message>
</record>
<record>
  <date>2022-08-16T20:57:43.573441700Z</date>
  <millis>1660683463573</millis>
  <nanos>441700</nanos>
  <sequence>21</sequence>
  <logger>com.sigur.component.EmployeesMgr</logger>
  <level>INFO</level>
  <class>com.sigur.component.EmployeesMgr</class>
  <method>hire</method>
  <thread>52</thread>
  <message>Thu Jan 13 00:00:00 MSK 2022. Employee 3142 hire Thu Jun 02 03:03:18 MSK 2022.Department: D_A</message>
</record>
<record>
  <date>2022-08-16T20:57:44.571661100Z</date>
  <millis>1660683464571</millis>
  <nanos>661100</nanos>
  <sequence>22</sequence>
  <logger>com.sigur.component.EmployeesMgr</logger>
  <level>INFO</level>
  <class>com.sigur.component.EmployeesMgr</class>
  <method>hire</method>
  <thread>52</thread>
  <message>Fri Jan 14 00:00:00 MSK 2022. Employee 3143 hire Fri Feb 11 16:52:35 MSK 2022.Department: D_A</message>
</record>
<record>
  <date>2022-08-16T20:57:45.572750800Z</date>
  <millis>1660683465572</millis>
  <nanos>750800</nanos>
  <sequence>24</sequence>
  <logger>com.sigur.component.EmployeesMgr</logger>
  <level>INFO</level>
  <class>com.sigur.component.EmployeesMgr</class>
  <method>hire</method>
  <thread>52</thread>
  <message>Sat Jan 15 00:00:00 MSK 2022. Employee 3145 hire Mon Aug 01 06:03:46 MSK 2022.Department: D_C</message>
</record>
<record>
  <date>2022-08-16T20:57:45.659773700Z</date>
  <millis>1660683465659</millis>
  <nanos>773700</nanos>
  <sequence>25</sequence>
  <logger>com.sigur.component.EmployeesMgr</logger>
  <level>INFO</level>
  <class>com.sigur.component.EmployeesMgr</class>
  <method>destroyMethod</method>
  <thread>52</thread>
  <message>Sat Jan 15 00:00:00 MSK 2022.Employee 1104 fired Thu Jan 06 12:22:08 MSK 2022. Department:D_C. Worked:w:1d:4h:43</message>
</record>
<record>
  <date>2022-08-16T20:57:45.660762300Z</date>
  <millis>1660683465660</millis>
  <nanos>762300</nanos>
  <sequence>26</sequence>
  <logger>com.sigur.component.EmployeesMgr</logger>
  <level>INFO</level>
  <class>com.sigur.component.EmployeesMgr</class>
  <method>destroyMethod</method>
  <thread>52</thread>
  <message>Sat Jan 15 00:00:00 MSK 2022.Employee 2078 fired Thu Jan 06 13:13:21 MSK 2022. Department:D_B. Worked:w:3d:3h:39</message>
</record>
</log>
